Arguments: 
  C:\Program Files\nodejs\node.exe C:\Users\SIO#10\AppData\Roaming\npm\node_modules\yarn\bin\yarn.js start

PATH: 
  C:\Python310\Scripts\;C:\Python310\;C:\Program Files\Eclipse Foundation\jdk-8.0.302.8-hotspot\bin;C:\Program Files\Common Files\Oracle\Java\javapath;C:\Program Files\Python38\Scripts\;C:\Program Files\Python38\;C:\Program Files\AdoptOpenJDK\jdk-11.0.11.9-hotspot\bin;C:\windows\system32;C:\windows;C:\windows\System32\Wbem;C:\windows\System32\WindowsPowerShell\v1.0\;C:\windows\System32\OpenSSH\;C:\Program Files (x86)\NVIDIA Corporation\PhysX\Common;C:\Program Files\Intel\WiFi\bin\;C:\Program Files\Common Files\Intel\WirelessCommon\;C:\Program Files (x86)\Intel\Intel(R) Management Engine Components\DAL;C:\Program Files\Intel\Intel(R) Management Engine Components\DAL;C:\WINDOWS\system32;C:\WINDOWS;C:\WINDOWS\System32\Wbem;C:\WINDOWS\System32\WindowsPowerShell\v1.0\;C:\WINDOWS\System32\OpenSSH\;C:\Program Files\PuTTY\;C:\Program Files\Microsoft VS Code\bin;C:\Program Files\Git\cmd;C:\Program Files\dotnet\;C:\Program Files\nodejs\;C:\ProgramData\chocolatey\bin;C:\Users\SIO#10\AppData\Local\Microsoft\WindowsApps;C:\Users\SIO#10\.dotnet\tools;C:\Users\SIO#10\AppData\Roaming\npm

Yarn version: 
  1.22.17

Node version: 
  16.14.0

Platform: 
  win32 x64

Trace: 
  SyntaxError: C:\wamp64\www\BTS\mysite\wp-content\plugins\moduleMap\package.json: Unexpected end of JSON input
      at JSON.parse (<anonymous>)
      at C:\Users\SIO#10\AppData\Roaming\npm\node_modules\yarn\lib\cli.js:1625:59
      at Generator.next (<anonymous>)
      at step (C:\Users\SIO#10\AppData\Roaming\npm\node_modules\yarn\lib\cli.js:310:30)
      at C:\Users\SIO#10\AppData\Roaming\npm\node_modules\yarn\lib\cli.js:321:13

npm manifest: 
  

yarn manifest: 
  No manifest

Lockfile: 
  No lockfile
