2022-06-09 12:37:51 [@DESKTOP-QKLIFLN]
Interne #1 : Démarrage createinquest
2022-06-09 12:43:03 [2@DESKTOP-QKLIFLN]
Interne #1 : Démarrage watcher
2022-06-09 12:48:06 [2@DESKTOP-QKLIFLN]
Interne #1 : Démarrage ticketrecurrent
2022-06-09 13:56:10 [2@DESKTOP-QKLIFLN]
Interne #1 : Démarrage planningrecall
2022-06-09 14:04:14 [2@DESKTOP-QKLIFLN]
Interne #1 : Démarrage queuednotification
2022-06-09 14:13:46 [2@DESKTOP-QKLIFLN]
Interne #1 : Démarrage queuednotificationclean
2022-06-09 14:19:06 [2@DESKTOP-QKLIFLN]
Interne #1 : Démarrage temp
2022-06-09 14:27:13 [2@DESKTOP-QKLIFLN]
Interne #1 : Démarrage mailgateerror
2022-06-09 14:38:01 [2@DESKTOP-QKLIFLN]
Interne #1 : Démarrage contract
2022-06-09 14:44:33 [2@DESKTOP-QKLIFLN]
Interne #1 : Démarrage infocom
